<?xml version="1.0" encoding="UTF-8"?>
<testng-results ignored="0" total="1" passed="1" failed="0" skipped="0">
  <reporter-output>
  </reporter-output>
  <suite started-at="2023-05-27T00:45:48 HAE" name="Default suite" finished-at="2023-05-27T00:46:25 HAE" duration-ms="37064">
    <groups>
    </groups>
    <test started-at="2023-05-27T00:45:48 HAE" name="Default test" finished-at="2023-05-27T00:46:25 HAE" duration-ms="37064">
      <class name="Script_test.Script_test">
        <test-method is-config="true" signature="beforeClass()[pri:0, instance:Script_test.Script_test@53e3a87a]" started-at="2023-05-27T00:45:48 HAE" name="beforeClass" finished-at="2023-05-27T00:45:52 HAE" duration-ms="4389" status="PASS">
          <reporter-output>
          </reporter-output>
        </test-method> <!-- beforeClass -->
        <test-method signature="Supprimer_un_groupe()[pri:0, instance:Script_test.Script_test@53e3a87a]" started-at="2023-05-27T00:45:52 HAE" name="Supprimer_un_groupe" finished-at="2023-05-27T00:46:24 HAE" duration-ms="32189" status="PASS">
          <reporter-output>
          </reporter-output>
        </test-method> <!-- Supprimer_un_groupe -->
        <test-method is-config="true" signature="afterClass()[pri:0, instance:Script_test.Script_test@53e3a87a]" started-at="2023-05-27T00:46:24 HAE" name="afterClass" finished-at="2023-05-27T00:46:25 HAE" duration-ms="376" status="PASS">
          <reporter-output>
          </reporter-output>
        </test-method> <!-- afterClass -->
      </class> <!-- Script_test.Script_test -->
    </test> <!-- Default test -->
  </suite> <!-- Default suite -->
</testng-results>
